#
# There is insufficient memory for the Java Runtime Environment to continue.
# Native memory allocation (malloc) failed to allocate 417616 bytes for Chunk::new
# Possible reasons:
#   The system is out of physical RAM or swap space
#   The process is running with CompressedOops enabled, and the Java Heap may be blocking the growth of the native heap
# Possible solutions:
#   Reduce memory load on the system
#   Increase physical memory or swap space
#   Check if swap backing store is full
#   Decrease Java heap size (-Xmx/-Xms)
#   Decrease number of Java threads
#   Decrease Java thread stack sizes (-Xss)
#   Set larger code cache with -XX:ReservedCodeCacheSize=
#   JVM is running with Zero Based Compressed Oops mode in which the Java heap is
#     placed in the first 32GB address space. The Java Heap base address is the
#     maximum limit for the native heap growth. Please use -XX:HeapBaseMinAddress
#     to set the Java Heap base and to place the Java Heap above 32GB virtual address.
# This output file may be truncated or incomplete.
#
#  Out of Memory Error (./src/hotspot/share/memory/arena.cpp:197), pid=15272, tid=13424
#
# JRE version: OpenJDK Runtime Environment (11.0.13) (build 11.0.13+0-b1751.21-8125866)
# Java VM: OpenJDK 64-Bit Server VM (11.0.13+0-b1751.21-8125866, mixed mode, tiered, compressed oops, g1 gc, windows-amd64)
# No core dump will be written. Minidumps are not enabled by default on client versions of Windows
#

---------------  S U M M A R Y ------------

Command Line: -Dorg.gradle.appname=gradlew org.gradle.wrapper.GradleWrapperMain -q -Ptarget-platform=android-x64 -Ptarget=D:\Cross Platform App Development\1_MyApps\toku_app\lib\main.dart -Pbase-application-name=android.app.Application -Pdart-defines=RkxVVFRFUl9XRUJfQVVUT19ERVRFQ1Q9dHJ1ZQ== -Pdart-obfuscation=false -Ptrack-widget-creation=true -Ptree-shake-icons=false -Pfilesystem-scheme=org-dartlang-root assembleDebug

Host: AMD Ryzen 7 3700U with Radeon Vega Mobile Gfx  , 8 cores, 13G,  Windows 10 , 64 bit Build 19041 (10.0.19041.2546)
Time: Tue Feb 21 09:07:34 2023 Morocco Summer Time elapsed time: 2.474806 seconds (0d 0h 0m 2s)

---------------  T H R E A D  ---------------

Current thread (0x000002803c5a1800):  JavaThread "C2 CompilerThread0" daemon [_thread_in_native, id=13424, stack(0x0000009c7d100000,0x0000009c7d200000)]


Current CompileTask:
C2:   2474 1241 %     4       java.io.WinNTFileSystem::normalize @ 22 (143 bytes)

Stack: [0x0000009c7d100000,0x0000009c7d200000]
Native frames: (J=compiled Java code, j=interpreted, Vv=VM code, C=native code)
V  [jvm.dll+0x6100fa]
V  [jvm.dll+0x747090]
V  [jvm.dll+0x7486ad]
V  [jvm.dll+0x748d83]
V  [jvm.dll+0x24ab48]
V  [jvm.dll+0xc04dc]
V  [jvm.dll+0xc0a0c]
V  [jvm.dll+0x35eb9d]
V  [jvm.dll+0x32b833]
V  [jvm.dll+0x32ad2a]
V  [jvm.dll+0x2032b2]
V  [jvm.dll+0x202437]
V  [jvm.dll+0x188e01]
V  [jvm.dll+0x21106b]
V  [jvm.dll+0x20f8c1]
V  [jvm.dll+0x70de0f]
V  [jvm.dll+0x706a75]
V  [jvm.dll+0x60ed66]
C  [ucrtbase.dll+0x21bb2]
C  [KERNEL32.DLL+0x17614]
C  [ntdll.dll+0x526a1]


---------------  P R O C E S S  ---------------

Threads class SMR info:
_java_thread_list=0x000002803d554300, length=11, elements={
0x000002801bf98800, 0x000002803c538000, 0x000002803c539800, 0x000002803c556000,
0x000002803c55a000, 0x000002803c55b800, 0x000002803c5a1800, 0x000002803c5b0000,
0x000002803c5bb000, 0x000002803c71c000, 0x000002803d8ee000
}

Java Threads: ( => current thread )
  0x000002801bf98800 JavaThread "main" [_thread_in_vm, id=14092, stack(0x0000009c7c500000,0x0000009c7c600000)]
  0x000002803c538000 JavaThread "Reference Handler" daemon [_thread_blocked, id=14164, stack(0x0000009c7cc00000,0x0000009c7cd00000)]
  0x000002803c539800 JavaThread "Finalizer" daemon [_thread_blocked, id=5828, stack(0x0000009c7cd00000,0x0000009c7ce00000)]
  0x000002803c556000 JavaThread "Signal Dispatcher" daemon [_thread_blocked, id=14228, stack(0x0000009c7ce00000,0x0000009c7cf00000)]
  0x000002803c55a000 JavaThread "Attach Listener" daemon [_thread_blocked, id=14144, stack(0x0000009c7cf00000,0x0000009c7d000000)]
  0x000002803c55b800 JavaThread "Service Thread" daemon [_thread_blocked, id=1712, stack(0x0000009c7d000000,0x0000009c7d100000)]
=>0x000002803c5a1800 JavaThread "C2 CompilerThread0" daemon [_thread_in_native, id=13424, stack(0x0000009c7d100000,0x0000009c7d200000)]
  0x000002803c5b0000 JavaThread "C1 CompilerThread0" daemon [_thread_blocked, id=1796, stack(0x0000009c7d200000,0x0000009c7d300000)]
  0x000002803c5bb000 JavaThread "Sweeper thread" daemon [_thread_blocked, id=14564, stack(0x0000009c7d300000,0x0000009c7d400000)]
  0x000002803c71c000 JavaThread "Common-Cleaner" daemon [_thread_blocked, id=8376, stack(0x0000009c7d500000,0x0000009c7d600000)]
  0x000002803d8ee000 JavaThread "pool-1-thread-1" [_thread_blocked, id=6720, stack(0x0000009c7db00000,0x0000009c7dc00000)]

Other Threads:
  0x000002803c515000 VMThread "VM Thread" [stack: 0x0000009c7cb00000,0x0000009c7cc00000] [id=5368]
  0x000002803c711000 WatcherThread [stack: 0x0000009c7d400000,0x0000009c7d500000] [id=8112]
  0x000002801bfb1000 GCTaskThread "GC Thread#0" [stack: 0x0000009c7c600000,0x0000009c7c700000] [id=5288]
  0x000002803d317000 GCTaskThread "GC Thread#1" [stack: 0x0000009c7d700000,0x0000009c7d800000] [id=12660]
  0x000002803d2f2000 GCTaskThread "GC Thread#2" [stack: 0x0000009c7d800000,0x0000009c7d900000] [id=13256]
  0x000002803d313000 GCTaskThread "GC Thread#3" [stack: 0x0000009c7d900000,0x0000009c7da00000] [id=9780]
  0x000002803d418000 GCTaskThread "GC Thread#4" [stack: 0x0000009c7da00000,0x0000009c7db00000] [id=7812]
  0x000002801c003800 ConcurrentGCThread "G1 Main Marker" [stack: 0x0000009c7c700000,0x0000009c7c800000] [id=2452]
  0x000002801c005800 ConcurrentGCThread "G1 Conc#0" [stack: 0x0000009c7c800000,0x0000009c7c900000] [id=8064]
  0x000002803bb74000 ConcurrentGCThread "G1 Refine#0" [stack: 0x0000009c7c900000,0x0000009c7ca00000] [id=14804]
  0x000002803bb75000 ConcurrentGCThread "G1 Young RemSet Sampling" [stack: 0x0000009c7ca00000,0x0000009c7cb00000] [id=12844]

Threads with active compile tasks:
C2 CompilerThread0   2512 1241 %     4       java.io.WinNTFileSystem::normalize @ 22 (143 bytes)

VM state:not at safepoint (normal execution)

VM Mutex/Monitor currently owned by a thread: None

Heap address: 0x0000000721400000, size: 3564 MB, Compressed Oops mode: Zero based, Oop shift amount: 3
Narrow klass base: 0x0000000800000000, Narrow klass shift: 0
Compressed class space size: 1073741824 Address: 0x0000000800000000

Heap:
 garbage-first heap   total 229376K, used 11446K [0x0000000721400000, 0x0000000800000000)
  region size 1024K, 3 young (3072K), 2 survivors (2048K)
 Metaspace       used 15224K, capacity 15549K, committed 15744K, reserved 1067008K
  class space    used 1726K, capacity 1845K, committed 1920K, reserved 1048576K
Heap Regions: E=young(eden), S=young(survivor), O=old, HS=humongous(starts), HC=humongous(continues), CS=collection set, F=free, A=archive, TAMS=top-at-mark-start (previous, next)
|   0|0x0000000721400000, 0x0000000721500000, 0x0000000721500000|100%| O|  |TAMS 0x0000000721400000, 0x0000000721400000| Untracked 
|   1|0x0000000721500000, 0x0000000721600000, 0x0000000721600000|100%| O|  |TAMS 0x0000000721500000, 0x0000000721500000| Untracked 
|   2|0x0000000721600000, 0x0000000721689800, 0x0000000721700000| 53%| O|  |TAMS 0x0000000721600000, 0x0000000721600000| Untracked 
|   3|0x0000000721700000, 0x0000000721800000, 0x0000000721800000|100%|HS|  |TAMS 0x0000000721700000, 0x0000000721700000| Complete 
|   4|0x0000000721800000, 0x0000000721900000, 0x0000000721900000|100%|HC|  |TAMS 0x0000000721800000, 0x0000000721800000| Complete 
|   5|0x0000000721900000, 0x0000000721a00000, 0x0000000721a00000|100%|HC|  |TAMS 0x0000000721900000, 0x0000000721900000| Complete 
|   6|0x0000000721a00000, 0x0000000721b00000, 0x0000000721b00000|100%| O|  |TAMS 0x0000000721a00000, 0x0000000721a00000| Untracked 
|   7|0x0000000721b00000, 0x0000000721c00000, 0x0000000721c00000|100%| O|  |TAMS 0x0000000721b00000, 0x0000000721b00000| Untracked 
|   8|0x0000000721c00000, 0x0000000721d00000, 0x0000000721d00000|100%| O|  |TAMS 0x0000000721c00000, 0x0000000721c00000| Untracked 
|   9|0x0000000721d00000, 0x0000000721e00000, 0x0000000721e00000|100%| O|  |TAMS 0x0000000721d00000, 0x0000000721d00000| Untracked 
|  10|0x0000000721e00000, 0x0000000721e00000, 0x0000000721f00000|  0%| F|  |TAMS 0x0000000721e00000, 0x0000000721e00000| Untracked 
|  11|0x0000000721f00000, 0x0000000721f00000, 0x0000000722000000|  0%| F|  |TAMS 0x0000000721f00000, 0x0000000721f00000| Untracked 
|  12|0x0000000722000000, 0x0000000722000000, 0x0000000722100000|  0%| F|  |TAMS 0x0000000722000000, 0x0000000722000000| Untracked 
|  13|0x0000000722100000, 0x0000000722100000, 0x0000000722200000|  0%| F|  |TAMS 0x0000000722100000, 0x0000000722100000| Untracked 
|  14|0x0000000722200000, 0x0000000722200000, 0x0000000722300000|  0%| F|  |TAMS 0x0000000722200000, 0x0000000722200000| Untracked 
|  15|0x0000000722300000, 0x0000000722300000, 0x0000000722400000|  0%| F|  |TAMS 0x0000000722300000, 0x0000000722300000| Untracked 
|  16|0x0000000722400000, 0x0000000722400000, 0x0000000722500000|  0%| F|  |TAMS 0x0000000722400000, 0x0000000722400000| Untracked 
|  17|0x0000000722500000, 0x0000000722500000, 0x0000000722600000|  0%| F|  |TAMS 0x0000000722500000, 0x0000000722500000| Untracked 
|  18|0x0000000722600000, 0x0000000722600000, 0x0000000722700000|  0%| F|  |TAMS 0x0000000722600000, 0x0000000722600000| Untracked 
|  19|0x0000000722700000, 0x0000000722700000, 0x0000000722800000|  0%| F|  |TAMS 0x0000000722700000, 0x0000000722700000| Untracked 
|  20|0x0000000722800000, 0x0000000722800000, 0x0000000722900000|  0%| F|  |TAMS 0x0000000722800000, 0x0000000722800000| Untracked 
|  21|0x0000000722900000, 0x0000000722900000, 0x0000000722a00000|  0%| F|  |TAMS 0x0000000722900000, 0x0000000722900000| Untracked 
|  22|0x0000000722a00000, 0x0000000722a00000, 0x0000000722b00000|  0%| F|  |TAMS 0x0000000722a00000, 0x0000000722a00000| Untracked 
|  23|0x0000000722b00000, 0x0000000722b00000, 0x0000000722c00000|  0%| F|  |TAMS 0x0000000722b00000, 0x0000000722b00000| Untracked 
|  24|0x0000000722c00000, 0x0000000722c00000, 0x0000000722d00000|  0%| F|  |TAMS 0x0000000722c00000, 0x0000000722c00000| Untracked 
|  25|0x0000000722d00000, 0x0000000722d00000, 0x0000000722e00000|  0%| F|  |TAMS 0x0000000722d00000, 0x0000000722d00000| Untracked 
|  26|0x0000000722e00000, 0x0000000722e00000, 0x0000000722f00000|  0%| F|  |TAMS 0x0000000722e00000, 0x0000000722e00000| Untracked 
|  27|0x0000000722f00000, 0x0000000722f00000, 0x0000000723000000|  0%| F|  |TAMS 0x0000000722f00000, 0x0000000722f00000| Untracked 
|  28|0x0000000723000000, 0x0000000723000000, 0x0000000723100000|  0%| F|  |TAMS 0x0000000723000000, 0x0000000723000000| Untracked 
|  29|0x0000000723100000, 0x0000000723100000, 0x0000000723200000|  0%| F|  |TAMS 0x0000000723100000, 0x0000000723100000| Untracked 
|  30|0x0000000723200000, 0x0000000723200000, 0x0000000723300000|  0%| F|  |TAMS 0x0000000723200000, 0x0000000723200000| Untracked 
|  31|0x0000000723300000, 0x0000000723300000, 0x0000000723400000|  0%| F|  |TAMS 0x0000000723300000, 0x0000000723300000| Untracked 
|  32|0x0000000723400000, 0x0000000723400000, 0x0000000723500000|  0%| F|  |TAMS 0x0000000723400000, 0x0000000723400000| Untracked 
|  33|0x0000000723500000, 0x0000000723500000, 0x0000000723600000|  0%| F|  |TAMS 0x0000000723500000, 0x0000000723500000| Untracked 
|  34|0x0000000723600000, 0x0000000723600000, 0x0000000723700000|  0%| F|  |TAMS 0x0000000723600000, 0x0000000723600000| Untracked 
|  35|0x0000000723700000, 0x0000000723700000, 0x0000000723800000|  0%| F|  |TAMS 0x0000000723700000, 0x0000000723700000| Untracked 
|  36|0x0000000723800000, 0x0000000723800000, 0x0000000723900000|  0%| F|  |TAMS 0x0000000723800000, 0x0000000723800000| Untracked 
|  37|0x0000000723900000, 0x0000000723900000, 0x0000000723a00000|  0%| F|  |TAMS 0x0000000723900000, 0x0000000723900000| Untracked 
|  38|0x0000000723a00000, 0x0000000723a00000, 0x0000000723b00000|  0%| F|  |TAMS 0x0000000723a00000, 0x0000000723a00000| Untracked 
|  39|0x0000000723b00000, 0x0000000723b00000, 0x0000000723c00000|  0%| F|  |TAMS 0x0000000723b00000, 0x0000000723b00000| Untracked 
|  40|0x0000000723c00000, 0x0000000723c00000, 0x0000000723d00000|  0%| F|  |TAMS 0x0000000723c00000, 0x0000000723c00000| Untracked 
|  41|0x0000000723d00000, 0x0000000723d00000, 0x0000000723e00000|  0%| F|  |TAMS 0x0000000723d00000, 0x0000000723d00000| Untracked 
|  42|0x0000000723e00000, 0x0000000723e00000, 0x0000000723f00000|  0%| F|  |TAMS 0x0000000723e00000, 0x0000000723e00000| Untracked 
|  43|0x0000000723f00000, 0x0000000723f00000, 0x0000000724000000|  0%| F|  |TAMS 0x0000000723f00000, 0x0000000723f00000| Untracked 
|  44|0x0000000724000000, 0x0000000724000000, 0x0000000724100000|  0%| F|  |TAMS 0x0000000724000000, 0x0000000724000000| Untracked 
|  45|0x0000000724100000, 0x0000000724100000, 0x0000000724200000|  0%| F|  |TAMS 0x0000000724100000, 0x0000000724100000| Untracked 
|  46|0x0000000724200000, 0x0000000724200000, 0x0000000724300000|  0%| F|  |TAMS 0x0000000724200000, 0x0000000724200000| Untracked 
|  47|0x0000000724300000, 0x0000000724300000, 0x0000000724400000|  0%| F|  |TAMS 0x0000000724300000, 0x0000000724300000| Untracked 
|  48|0x0000000724400000, 0x0000000724400000, 0x0000000724500000|  0%| F|  |TAMS 0x0000000724400000, 0x0000000724400000| Untracked 
|  49|0x0000000724500000, 0x0000000724500000, 0x0000000724600000|  0%| F|  |TAMS 0x0000000724500000, 0x0000000724500000| Untracked 
|  50|0x0000000724600000, 0x0000000724600000, 0x0000000724700000|  0%| F|  |TAMS 0x0000000724600000, 0x0000000724600000| Untracked 
|  51|0x0000000724700000, 0x0000000724700000, 0x0000000724800000|  0%| F|  |TAMS 0x0000000724700000, 0x0000000724700000| Untracked 
|  52|0x0000000724800000, 0x0000000724800000, 0x0000000724900000|  0%| F|  |TAMS 0x0000000724800000, 0x0000000724800000| Untracked 
|  53|0x0000000724900000, 0x0000000724900000, 0x0000000724a00000|  0%| F|  |TAMS 0x0000000724900000, 0x0000000724900000| Untracked 
|  54|0x0000000724a00000, 0x0000000724a00000, 0x0000000724b00000|  0%| F|  |TAMS 0x0000000724a00000, 0x0000000724a00000| Untracked 
|  55|0x0000000724b00000, 0x0000000724b00000, 0x0000000724c00000|  0%| F|  |TAMS 0x0000000724b00000, 0x0000000724b00000| Untracked 
|  56|0x0000000724c00000, 0x0000000724c00000, 0x0000000724d00000|  0%| F|  |TAMS 0x0000000724c00000, 0x0000000724c00000| Untracked 
|  57|0x0000000724d00000, 0x0000000724d00000, 0x0000000724e00000|  0%| F|  |TAMS 0x0000000724d00000, 0x0000000724d00000| Untracked 
|  58|0x0000000724e00000, 0x0000000724e00000, 0x0000000724f00000|  0%| F|  |TAMS 0x0000000724e00000, 0x0000000724e00000| Untracked 
|  59|0x0000000724f00000, 0x0000000724f00000, 0x0000000725000000|  0%| F|  |TAMS 0x0000000724f00000, 0x0000000724f00000| Untracked 
|  60|0x0000000725000000, 0x0000000725000000, 0x0000000725100000|  0%| F|  |TAMS 0x0000000725000000, 0x0000000725000000| Untracked 
|  61|0x0000000725100000, 0x0000000725100000, 0x0000000725200000|  0%| F|  |TAMS 0x0000000725100000, 0x0000000725100000| Untracked 
|  62|0x0000000725200000, 0x0000000725200000, 0x0000000725300000|  0%| F|  |TAMS 0x0000000725200000, 0x0000000725200000| Untracked 
|  63|0x0000000725300000, 0x0000000725300000, 0x0000000725400000|  0%| F|  |TAMS 0x0000000725300000, 0x0000000725300000| Untracked 
|  64|0x0000000725400000, 0x0000000725400000, 0x0000000725500000|  0%| F|  |TAMS 0x0000000725400000, 0x0000000725400000| Untracked 
|  65|0x0000000725500000, 0x0000000725500000, 0x0000000725600000|  0%| F|  |TAMS 0x0000000725500000, 0x0000000725500000| Untracked 
|  66|0x0000000725600000, 0x0000000725600000, 0x0000000725700000|  0%| F|  |TAMS 0x0000000725600000, 0x0000000725600000| Untracked 
|  67|0x0000000725700000, 0x0000000725700000, 0x0000000725800000|  0%| F|  |TAMS 0x0000000725700000, 0x0000000725700000| Untracked 
|  68|0x0000000725800000, 0x0000000725800000, 0x0000000725900000|  0%| F|  |TAMS 0x0000000725800000, 0x0000000725800000| Untracked 
|  69|0x0000000725900000, 0x0000000725900000, 0x0000000725a00000|  0%| F|  |TAMS 0x0000000725900000, 0x0000000725900000| Untracked 
|  70|0x0000000725a00000, 0x0000000725a00000, 0x0000000725b00000|  0%| F|  |TAMS 0x0000000725a00000, 0x0000000725a00000| Untracked 
|  71|0x0000000725b00000, 0x0000000725b00000, 0x0000000725c00000|  0%| F|  |TAMS 0x0000000725b00000, 0x0000000725b00000| Untracked 
|  72|0x0000000725c00000, 0x0000000725c00000, 0x0000000725d00000|  0%| F|  |TAMS 0x0000000725c00000, 0x0000000725c00000| Untracked 
|  73|0x0000000725d00000, 0x0000000725d00000, 0x0000000725e00000|  0%| F|  |TAMS 0x0000000725d00000, 0x0000000725d00000| Untracked 
|  74|0x0000000725e00000, 0x0000000725e00000, 0x0000000725f00000|  0%| F|  |TAMS 0x0000000725e00000, 0x0000000725e00000| Untracked 
|  75|0x0000000725f00000, 0x0000000725f00000, 0x0000000726000000|  0%| F|  |TAMS 0x0000000725f00000, 0x0000000725f00000| Untracked 
|  76|0x0000000726000000, 0x0000000726000000, 0x0000000726100000|  0%| F|  |TAMS 0x0000000726000000, 0x0000000726000000| Untracked 
|  77|0x0000000726100000, 0x0000000726100000, 0x0000000726200000|  0%| F|  |TAMS 0x0000000726100000, 0x0000000726100000| Untracked 
|  78|0x0000000726200000, 0x0000000726200000, 0x0000000726300000|  0%| F|  |TAMS 0x0000000726200000, 0x0000000726200000| Untracked 
|  79|0x0000000726300000, 0x0000000726300000, 0x0000000726400000|  0%| F|  |TAMS 0x0000000726300000, 0x0000000726300000| Untracked 
|  80|0x0000000726400000, 0x0000000726400000, 0x0000000726500000|  0%| F|  |TAMS 0x0000000726400000, 0x0000000726400000| Untracked 
|  81|0x0000000726500000, 0x0000000726500000, 0x0000000726600000|  0%| F|  |TAMS 0x0000000726500000, 0x0000000726500000| Untracked 
|  82|0x0000000726600000, 0x0000000726600000, 0x0000000726700000|  0%| F|  |TAMS 0x0000000726600000, 0x0000000726600000| Untracked 
|  83|0x0000000726700000, 0x0000000726700000, 0x0000000726800000|  0%| F|  |TAMS 0x0000000726700000, 0x0000000726700000| Untracked 
|  84|0x0000000726800000, 0x0000000726800000, 0x0000000726900000|  0%| F|  |TAMS 0x0000000726800000, 0x0000000726800000| Untracked 
|  85|0x0000000726900000, 0x0000000726900000, 0x0000000726a00000|  0%| F|  |TAMS 0x0000000726900000, 0x0000000726900000| Untracked 
|  86|0x0000000726a00000, 0x0000000726a00000, 0x0000000726b00000|  0%| F|  |TAMS 0x0000000726a00000, 0x0000000726a00000| Untracked 
|  87|0x0000000726b00000, 0x0000000726b00000, 0x0000000726c00000|  0%| F|  |TAMS 0x0000000726b00000, 0x0000000726b00000| Untracked 
|  88|0x0000000726c00000, 0x0000000726c00000, 0x0000000726d00000|  0%| F|  |TAMS 0x0000000726c00000, 0x0000000726c00000| Untracked 
|  89|0x0000000726d00000, 0x0000000726d00000, 0x0000000726e00000|  0%| F|  |TAMS 0x0000000726d00000, 0x0000000726d00000| Untracked 
|  90|0x0000000726e00000, 0x0000000726e00000, 0x0000000726f00000|  0%| F|  |TAMS 0x0000000726e00000, 0x0000000726e00000| Untracked 
|  91|0x0000000726f00000, 0x0000000726f00000, 0x0000000727000000|  0%| F|  |TAMS 0x0000000726f00000, 0x0000000726f00000| Untracked 
|  92|0x0000000727000000, 0x0000000727000000, 0x0000000727100000|  0%| F|  |TAMS 0x0000000727000000, 0x0000000727000000| Untracked 
|  93|0x0000000727100000, 0x0000000727100000, 0x0000000727200000|  0%| F|  |TAMS 0x0000000727100000, 0x0000000727100000| Untracked 
|  94|0x0000000727200000, 0x0000000727200000, 0x0000000727300000|  0%| F|  |TAMS 0x0000000727200000, 0x0000000727200000| Untracked 
|  95|0x0000000727300000, 0x0000000727300000, 0x0000000727400000|  0%| F|  |TAMS 0x0000000727300000, 0x0000000727300000| Untracked 
|  96|0x0000000727400000, 0x0000000727400000, 0x0000000727500000|  0%| F|  |TAMS 0x0000000727400000, 0x0000000727400000| Untracked 
|  97|0x0000000727500000, 0x0000000727500000, 0x0000000727600000|  0%| F|  |TAMS 0x0000000727500000, 0x0000000727500000| Untracked 
|  98|0x0000000727600000, 0x0000000727600000, 0x0000000727700000|  0%| F|  |TAMS 0x0000000727600000, 0x0000000727600000| Untracked 
|  99|0x0000000727700000, 0x0000000727700000, 0x0000000727800000|  0%| F|  |TAMS 0x0000000727700000, 0x0000000727700000| Untracked 
| 100|0x0000000727800000, 0x0000000727800000, 0x0000000727900000|  0%| F|  |TAMS 0x0000000727800000, 0x0000000727800000| Untracked 
| 101|0x0000000727900000, 0x0000000727900000, 0x0000000727a00000|  0%| F|  |TAMS 0x0000000727900000, 0x0000000727900000| Untracked 
| 102|0x0000000727a00000, 0x0000000727a00000, 0x0000000727b00000|  0%| F|  |TAMS 0x0000000727a00000, 0x0000000727a00000| Untracked 
| 103|0x0000000727b00000, 0x0000000727b00000, 0x0000000727c00000|  0%| F|  |TAMS 0x0000000727b00000, 0x0000000727b00000| Untracked 
| 104|0x0000000727c00000, 0x0000000727c00000, 0x0000000727d00000|  0%| F|  |TAMS 0x0000000727c00000, 0x0000000727c00000| Untracked 
| 105|0x0000000727d00000, 0x0000000727d00000, 0x0000000727e00000|  0%| F|  |TAMS 0x0000000727d00000, 0x0000000727d00000| Untracked 
| 106|0x0000000727e00000, 0x0000000727e00000, 0x0000000727f00000|  0%| F|  |TAMS 0x0000000727e00000, 0x0000000727e00000| Untracked 
| 107|0x0000000727f00000, 0x0000000727f00000, 0x0000000728000000|  0%| F|  |TAMS 0x0000000727f00000, 0x0000000727f00000| Untracked 
| 108|0x0000000728000000, 0x0000000728000000, 0x0000000728100000|  0%| F|  |TAMS 0x0000000728000000, 0x0000000728000000| Untracked 
| 109|0x0000000728100000, 0x0000000728100000, 0x0000000728200000|  0%| F|  |TAMS 0x0000000728100000, 0x0000000728100000| Untracked 
| 110|0x0000000728200000, 0x0000000728200000, 0x0000000728300000|  0%| F|  |TAMS 0x0000000728200000, 0x0000000728200000| Untracked 
| 111|0x0000000728300000, 0x0000000728300000, 0x0000000728400000|  0%| F|  |TAMS 0x0000000728300000, 0x0000000728300000| Untracked 
| 112|0x0000000728400000, 0x0000000728400000, 0x0000000728500000|  0%| F|  |TAMS 0x0000000728400000, 0x0000000728400000| Untracked 
| 113|0x0000000728500000, 0x0000000728500000, 0x0000000728600000|  0%| F|  |TAMS 0x0000000728500000, 0x0000000728500000| Untracked 
| 114|0x0000000728600000, 0x0000000728600000, 0x0000000728700000|  0%| F|  |TAMS 0x0000000728600000, 0x0000000728600000| Untracked 
| 115|0x0000000728700000, 0x0000000728700000, 0x0000000728800000|  0%| F|  |TAMS 0x0000000728700000, 0x0000000728700000| Untracked 
| 116|0x0000000728800000, 0x0000000728800000, 0x0000000728900000|  0%| F|  |TAMS 0x0000000728800000, 0x0000000728800000| Untracked 
| 117|0x0000000728900000, 0x0000000728900000, 0x0000000728a00000|  0%| F|  |TAMS 0x0000000728900000, 0x0000000728900000| Untracked 
| 118|0x0000000728a00000, 0x0000000728a00000, 0x0000000728b00000|  0%| F|  |TAMS 0x0000000728a00000, 0x0000000728a00000| Untracked 
| 119|0x0000000728b00000, 0x0000000728b00000, 0x0000000728c00000|  0%| F|  |TAMS 0x0000000728b00000, 0x0000000728b00000| Untracked 
| 120|0x0000000728c00000, 0x0000000728c00000, 0x0000000728d00000|  0%| F|  |TAMS 0x0000000728c00000, 0x0000000728c00000| Untracked 
| 121|0x0000000728d00000, 0x0000000728d00000, 0x0000000728e00000|  0%| F|  |TAMS 0x0000000728d00000, 0x0000000728d00000| Untracked 
| 122|0x0000000728e00000, 0x0000000728e00000, 0x0000000728f00000|  0%| F|  |TAMS 0x0000000728e00000, 0x0000000728e00000| Untracked 
| 123|0x0000000728f00000, 0x0000000728f00000, 0x0000000729000000|  0%| F|  |TAMS 0x0000000728f00000, 0x0000000728f00000| Untracked 
| 124|0x0000000729000000, 0x0000000729000000, 0x0000000729100000|  0%| F|  |TAMS 0x0000000729000000, 0x0000000729000000| Untracked 
| 125|0x0000000729100000, 0x0000000729100000, 0x0000000729200000|  0%| F|  |TAMS 0x0000000729100000, 0x0000000729100000| Untracked 
| 126|0x0000000729200000, 0x0000000729200000, 0x0000000729300000|  0%| F|  |TAMS 0x0000000729200000, 0x0000000729200000| Untracked 
| 127|0x0000000729300000, 0x0000000729300000, 0x0000000729400000|  0%| F|  |TAMS 0x0000000729300000, 0x0000000729300000| Untracked 
| 128|0x0000000729400000, 0x0000000729400000, 0x0000000729500000|  0%| F|  |TAMS 0x0000000729400000, 0x0000000729400000| Untracked 
| 129|0x0000000729500000, 0x0000000729500000, 0x0000000729600000|  0%| F|  |TAMS 0x0000000729500000, 0x0000000729500000| Untracked 
| 130|0x0000000729600000, 0x0000000729600000, 0x0000000729700000|  0%| F|  |TAMS 0x0000000729600000, 0x0000000729600000| Untracked 
| 131|0x0000000729700000, 0x0000000729700000, 0x0000000729800000|  0%| F|  |TAMS 0x0000000729700000, 0x0000000729700000| Untracked 
| 132|0x0000000729800000, 0x0000000729800000, 0x0000000729900000|  0%| F|  |TAMS 0x0000000729800000, 0x0000000729800000| Untracked 
| 133|0x0000000729900000, 0x0000000729900000, 0x0000000729a00000|  0%| F|  |TAMS 0x0000000729900000, 0x0000000729900000| Untracked 
| 134|0x0000000729a00000, 0x0000000729a00000, 0x0000000729b00000|  0%| F|  |TAMS 0x0000000729a00000, 0x0000000729a00000| Untracked 
| 135|0x0000000729b00000, 0x0000000729b00000, 0x0000000729c00000|  0%| F|  |TAMS 0x0000000729b00000, 0x0000000729b00000| Untracked 
| 136|0x0000000729c00000, 0x0000000729c00000, 0x0000000729d00000|  0%| F|  |TAMS 0x0000000729c00000, 0x0000000729c00000| Untracked 
| 137|0x0000000729d00000, 0x0000000729d00000, 0x0000000729e00000|  0%| F|  |TAMS 0x0000000729d00000, 0x0000000729d00000| Untracked 
| 138|0x0000000729e00000, 0x0000000729e00000, 0x0000000729f00000|  0%| F|  |TAMS 0x0000000729e00000, 0x0000000729e00000| Untracked 
| 139|0x0000000729f00000, 0x0000000729f00000, 0x000000072a000000|  0%| F|  |TAMS 0x0000000729f00000, 0x0000000729f00000| Untracked 
| 140|0x000000072a000000, 0x000000072a000000, 0x000000072a100000|  0%| F|  |TAMS 0x000000072a000000, 0x000000072a000000| Untracked 
| 141|0x000000072a100000, 0x000000072a100000, 0x000000072a200000|  0%| F|  |TAMS 0x000000072a100000, 0x000000072a100000| Untracked 
| 142|0x000000072a200000, 0x000000072a200000, 0x000000072a300000|  0%| F|  |TAMS 0x000000072a200000, 0x000000072a200000| Untracked 
| 143|0x000000072a300000, 0x000000072a300000, 0x000000072a400000|  0%| F|  |TAMS 0x000000072a300000, 0x000000072a300000| Untracked 
| 144|0x000000072a400000, 0x000000072a400000, 0x000000072a500000|  0%| F|  |TAMS 0x000000072a400000, 0x000000072a400000| Untracked 
| 145|0x000000072a500000, 0x000000072a500000, 0x000000072a600000|  0%| F|  |TAMS 0x000000072a500000, 0x000000072a500000| Untracked 
| 146|0x000000072a600000, 0x000000072a600000, 0x000000072a700000|  0%| F|  |TAMS 0x000000072a600000, 0x000000072a600000| Untracked 
| 147|0x000000072a700000, 0x000000072a700000, 0x000000072a800000|  0%| F|  |TAMS 0x000000072a700000, 0x000000072a700000| Untracked 
| 148|0x000000072a800000, 0x000000072a800000, 0x000000072a900000|  0%| F|  |TAMS 0x000000072a800000, 0x000000072a800000| Untracked 
| 149|0x000000072a900000, 0x000000072a900000, 0x000000072aa00000|  0%| F|  |TAMS 0x000000072a900000, 0x000000072a900000| Untracked 
| 150|0x000000072aa00000, 0x000000072aa00000, 0x000000072ab00000|  0%| F|  |TAMS 0x000000072aa00000, 0x000000072aa00000| Untracked 
| 151|0x000000072ab00000, 0x000000072ab00000, 0x000000072ac00000|  0%| F|  |TAMS 0x000000072ab00000, 0x000000072ab00000| Untracked 
| 152|0x000000072ac00000, 0x000000072ac00000, 0x000000072ad00000|  0%| F|  |TAMS 0x000000072ac00000, 0x000000072ac00000| Untracked 
| 153|0x000000072ad00000, 0x000000072ad00000, 0x000000072ae00000|  0%| F|  |TAMS 0x000000072ad00000, 0x000000072ad00000| Untracked 
| 154|0x000000072ae00000, 0x000000072ae00000, 0x000000072af00000|  0%| F|  |TAMS 0x000000072ae00000, 0x000000072ae00000| Untracked 
| 155|0x000000072af00000, 0x000000072af00000, 0x000000072b000000|  0%| F|  |TAMS 0x000000072af00000, 0x000000072af00000| Untracked 
| 156|0x000000072b000000, 0x000000072b000000, 0x000000072b100000|  0%| F|  |TAMS 0x000000072b000000, 0x000000072b000000| Untracked 
| 157|0x000000072b100000, 0x000000072b100000, 0x000000072b200000|  0%| F|  |TAMS 0x000000072b100000, 0x000000072b100000| Untracked 
| 158|0x000000072b200000, 0x000000072b200000, 0x000000072b300000|  0%| F|  |TAMS 0x000000072b200000, 0x000000072b200000| Untracked 
| 159|0x000000072b300000, 0x000000072b300000, 0x000000072b400000|  0%| F|  |TAMS 0x000000072b300000, 0x000000072b300000| Untracked 
| 160|0x000000072b400000, 0x000000072b400000, 0x000000072b500000|  0%| F|  |TAMS 0x000000072b400000, 0x000000072b400000| Untracked 
| 161|0x000000072b500000, 0x000000072b500000, 0x000000072b600000|  0%| F|  |TAMS 0x000000072b500000, 0x000000072b500000| Untracked 
| 162|0x000000072b600000, 0x000000072b600000, 0x000000072b700000|  0%| F|  |TAMS 0x000000072b600000, 0x000000072b600000| Untracked 
| 163|0x000000072b700000, 0x000000072b700000, 0x000000072b800000|  0%| F|  |TAMS 0x000000072b700000, 0x000000072b700000| Untracked 
| 164|0x000000072b800000, 0x000000072b800000, 0x000000072b900000|  0%| F|  |TAMS 0x000000072b800000, 0x000000072b800000| Untracked 
| 165|0x000000072b900000, 0x000000072b900000, 0x000000072ba00000|  0%| F|  |TAMS 0x000000072b900000, 0x000000072b900000| Untracked 
| 166|0x000000072ba00000, 0x000000072ba00000, 0x000000072bb00000|  0%| F|  |TAMS 0x000000072ba00000, 0x000000072ba00000| Untracked 
| 167|0x000000072bb00000, 0x000000072bb00000, 0x000000072bc00000|  0%| F|  |TAMS 0x000000072bb00000, 0x000000072bb00000| Untracked 
| 168|0x000000072bc00000, 0x000000072bc00000, 0x000000072bd00000|  0%| F|  |TAMS 0x000000072bc00000, 0x000000072bc00000| Untracked 
| 169|0x000000072bd00000, 0x000000072bd00000, 0x000000072be00000|  0%| F|  |TAMS 0x000000072bd00000, 0x000000072bd00000| Untracked 
| 170|0x000000072be00000, 0x000000072be00000, 0x000000072bf00000|  0%| F|  |TAMS 0x000000072be00000, 0x000000072be00000| Untracked 
| 171|0x000000072bf00000, 0x000000072bf00000, 0x000000072c000000|  0%| F|  |TAMS 0x000000072bf00000, 0x000000072bf00000| Untracked 
| 172|0x000000072c000000, 0x000000072c000000, 0x000000072c100000|  0%| F|  |TAMS 0x000000072c000000, 0x000000072c000000| Untracked 
| 173|0x000000072c100000, 0x000000072c100000, 0x000000072c200000|  0%| F|  |TAMS 0x000000072c100000, 0x000000072c100000| Untracked 
| 174|0x000000072c200000, 0x000000072c200000, 0x000000072c300000|  0%| F|  |TAMS 0x000000072c200000, 0x000000072c200000| Untracked 
| 175|0x000000072c300000, 0x000000072c300000, 0x000000072c400000|  0%| F|  |TAMS 0x000000072c300000, 0x000000072c300000| Untracked 
| 176|0x000000072c400000, 0x000000072c400000, 0x000000072c500000|  0%| F|  |TAMS 0x000000072c400000, 0x000000072c400000| Untracked 
| 177|0x000000072c500000, 0x000000072c500000, 0x000000072c600000|  0%| F|  |TAMS 0x000000072c500000, 0x000000072c500000| Untracked 
| 178|0x000000072c600000, 0x000000072c600000, 0x000000072c700000|  0%| F|  |TAMS 0x000000072c600000, 0x000000072c600000| Untracked 
| 179|0x000000072c700000, 0x000000072c700000, 0x000000072c800000|  0%| F|  |TAMS 0x000000072c700000, 0x000000072c700000| Untracked 
| 180|0x000000072c800000, 0x000000072c800000, 0x000000072c900000|  0%| F|  |TAMS 0x000000072c800000, 0x000000072c800000| Untracked 
| 181|0x000000072c900000, 0x000000072c900000, 0x000000072ca00000|  0%| F|  |TAMS 0x000000072c900000, 0x000000072c900000| Untracked 
| 182|0x000000072ca00000, 0x000000072ca00000, 0x000000072cb00000|  0%| F|  |TAMS 0x000000072ca00000, 0x000000072ca00000| Untracked 
| 183|0x000000072cb00000, 0x000000072cb00000, 0x000000072cc00000|  0%| F|  |TAMS 0x000000072cb00000, 0x000000072cb00000| Untracked 
| 184|0x000000072cc00000, 0x000000072cc00000, 0x000000072cd00000|  0%| F|  |TAMS 0x000000072cc00000, 0x000000072cc00000| Untracked 
| 185|0x000000072cd00000, 0x000000072cd00000, 0x000000072ce00000|  0%| F|  |TAMS 0x000000072cd00000, 0x000000072cd00000| Untracked 
| 186|0x000000072ce00000, 0x000000072ce00000, 0x000000072cf00000|  0%| F|  |TAMS 0x000000072ce00000, 0x000000072ce00000| Untracked 
| 187|0x000000072cf00000, 0x000000072cf00000, 0x000000072d000000|  0%| F|  |TAMS 0x000000072cf00000, 0x000000072cf00000| Untracked 
| 188|0x000000072d000000, 0x000000072d000000, 0x000000072d100000|  0%| F|  |TAMS 0x000000072d000000, 0x000000072d000000| Untracked 
| 189|0x000000072d100000, 0x000000072d100000, 0x000000072d200000|  0%| F|  |TAMS 0x000000072d100000, 0x000000072d100000| Untracked 
| 190|0x000000072d200000, 0x000000072d200000, 0x000000072d300000|  0%| F|  |TAMS 0x000000072d200000, 0x000000072d200000| Untracked 
| 191|0x000000072d300000, 0x000000072d300000, 0x000000072d400000|  0%| F|  |TAMS 0x000000072d300000, 0x000000072d300000| Untracked 
| 192|0x000000072d400000, 0x000000072d400000, 0x000000072d500000|  0%| F|  |TAMS 0x000000072d400000, 0x000000072d400000| Untracked 
| 193|0x000000072d500000, 0x000000072d500000, 0x000000072d600000|  0%| F|  |TAMS 0x000000072d500000, 0x000000072d500000| Untracked 
| 194|0x000000072d600000, 0x000000072d600000, 0x000000072d700000|  0%| F|  |TAMS 0x000000072d600000, 0x000000072d600000| Untracked 
| 195|0x000000072d700000, 0x000000072d700000, 0x000000072d800000|  0%| F|  |TAMS 0x000000072d700000, 0x000000072d700000| Untracked 
| 196|0x000000072d800000, 0x000000072d800000, 0x000000072d900000|  0%| F|  |TAMS 0x000000072d800000, 0x000000072d800000| Untracked 
| 197|0x000000072d900000, 0x000000072d900000, 0x000000072da00000|  0%| F|  |TAMS 0x000000072d900000, 0x000000072d900000| Untracked 
| 198|0x000000072da00000, 0x000000072da00000, 0x000000072db00000|  0%| F|  |TAMS 0x000000072da00000, 0x000000072da00000| Untracked 
| 199|0x000000072db00000, 0x000000072db00000, 0x000000072dc00000|  0%| F|  |TAMS 0x000000072db00000, 0x000000072db00000| Untracked 
| 200|0x000000072dc00000, 0x000000072dca42a0, 0x000000072dd00000| 64%| S|CS|TAMS 0x000000072dc00000, 0x000000072dc00000| Complete 
| 201|0x000000072dd00000, 0x000000072de00000, 0x000000072de00000|100%| S|CS|TAMS 0x000000072dd00000, 0x000000072dd00000| Complete 
| 202|0x000000072de00000, 0x000000072de00000, 0x000000072df00000|  0%| F|  |TAMS 0x000000072de00000, 0x000000072de00000| Untracked 
| 203|0x000000072df00000, 0x000000072df00000, 0x000000072e000000|  0%| F|  |TAMS 0x000000072df00000, 0x000000072df00000| Untracked 
| 204|0x000000072e000000, 0x000000072e000000, 0x000000072e100000|  0%| F|  |TAMS 0x000000072e000000, 0x000000072e000000| Untracked 
| 205|0x000000072e100000, 0x000000072e100000, 0x000000072e200000|  0%| F|  |TAMS 0x000000072e100000, 0x000000072e100000| Untracked 
| 206|0x000000072e200000, 0x000000072e200000, 0x000000072e300000|  0%| F|  |TAMS 0x000000072e200000, 0x000000072e200000| Untracked 
| 207|0x000000072e300000, 0x000000072e300000, 0x000000072e400000|  0%| F|  |TAMS 0x000000072e300000, 0x000000072e300000| Untracked 
| 208|0x000000072e400000, 0x000000072e400000, 0x000000072e500000|  0%| F|  |TAMS 0x000000072e400000, 0x000000072e400000| Untracked 
| 209|0x000000072e500000, 0x000000072e500000, 0x000000072e600000|  0%| F|  |TAMS 0x000000072e500000, 0x000000072e500000| Untracked 
| 210|0x000000072e600000, 0x000000072e600000, 0x000000072e700000|  0%| F|  |TAMS 0x000000072e600000, 0x000000072e600000| Untracked 
| 211|0x000000072e700000, 0x000000072e700000, 0x000000072e800000|  0%| F|  |TAMS 0x000000072e700000, 0x000000072e700000| Untracked 
| 212|0x000000072e800000, 0x000000072e800000, 0x000000072e900000|  0%| F|  |TAMS 0x000000072e800000, 0x000000072e800000| Untracked 
| 213|0x000000072e900000, 0x000000072e900000, 0x000000072ea00000|  0%| F|  |TAMS 0x000000072e900000, 0x000000072e900000| Untracked 
| 214|0x000000072ea00000, 0x000000072ea00000, 0x000000072eb00000|  0%| F|  |TAMS 0x000000072ea00000, 0x000000072ea00000| Untracked 
| 215|0x000000072eb00000, 0x000000072eb00000, 0x000000072ec00000|  0%| F|  |TAMS 0x000000072eb00000, 0x000000072eb00000| Untracked 
| 216|0x000000072ec00000, 0x000000072ec00000, 0x000000072ed00000|  0%| F|  |TAMS 0x000000072ec00000, 0x000000072ec00000| Untracked 
| 217|0x000000072ed00000, 0x000000072ed00000, 0x000000072ee00000|  0%| F|  |TAMS 0x000000072ed00000, 0x000000072ed00000| Untracked 
| 218|0x000000072ee00000, 0x000000072ee00000, 0x000000072ef00000|  0%| F|  |TAMS 0x000000072ee00000, 0x000000072ee00000| Untracked 
| 219|0x000000072ef00000, 0x000000072ef00000, 0x000000072f000000|  0%| F|  |TAMS 0x000000072ef00000, 0x000000072ef00000| Untracked 
| 220|0x000000072f000000, 0x000000072f000000, 0x000000072f100000|  0%| F|  |TAMS 0x000000072f000000, 0x000000072f000000| Untracked 
| 221|0x000000072f100000, 0x000000072f100000, 0x000000072f200000|  0%| F|  |TAMS 0x000000072f100000, 0x000000072f100000| Untracked 
| 222|0x000000072f200000, 0x000000072f200000, 0x000000072f300000|  0%| F|  |TAMS 0x000000072f200000, 0x000000072f200000| Untracked 
| 223|0x000000072f300000, 0x000000072f39ba90, 0x000000072f400000| 60%| E|  |TAMS 0x000000072f300000, 0x000000072f300000| Complete 

Card table byte_map: [0x0000028031400000,0x0000028031b00000] _byte_map_base: 0x000002802daf6000

Marking Bits (Prev, Next): (CMBitMap*) 0x000002801bff4858, (CMBitMap*) 0x000002801bff4890
 Prev Bits: [0x0000028032200000, 0x00000280359b0000)
 Next Bits: [0x00000280359b0000, 0x0000028039160000)

Polling page: 0x000002801d820000

Metaspace:

Usage:
  Non-class:     13.38 MB capacity,    13.23 MB ( 99%) used,   132.60 KB ( <1%) free+waste,    22.13 KB ( <1%) overhead. 
      Class:      1.80 MB capacity,     1.70 MB ( 94%) used,    98.15 KB (  5%) free+waste,    10.81 KB ( <1%) overhead. 
       Both:     15.18 MB capacity,    14.93 MB ( 98%) used,   230.75 KB (  1%) free+waste,    32.94 KB ( <1%) overhead. 

Virtual space:
  Non-class space:       18.00 MB reserved,      13.50 MB ( 75%) committed 
      Class space:        1.00 GB reserved,       1.88 MB ( <1%) committed 
             Both:        1.02 GB reserved,      15.38 MB (  1%) committed 

Chunk freelists:
   Non-Class:  56.00 KB
       Class:  11.00 KB
        Both:  67.00 KB

MaxMetaspaceSize: 17179869184.00 GB
CompressedClassSpaceSize: 1.00 GB
Initial GC threshold: 20.80 MB
Current GC threshold: 20.80 MB
CDS: off

CodeHeap 'non-profiled nmethods': size=120000Kb used=501Kb max_used=501Kb free=119498Kb
 bounds [0x0000028028d50000, 0x0000028028fc0000, 0x0000028030280000]
CodeHeap 'profiled nmethods': size=120000Kb used=2446Kb max_used=2446Kb free=117553Kb
 bounds [0x0000028021820000, 0x0000028021a90000, 0x0000028028d50000]
CodeHeap 'non-nmethods': size=5760Kb used=1154Kb max_used=1166Kb free=4605Kb
 bounds [0x0000028021280000, 0x00000280214f0000, 0x0000028021820000]
 total_blobs=1686 nmethods=1273 adapters=326
 compilation: enabled
              stopped_count=0, restarted_count=0
 full_count=0

Compilation events (20 events):
Event: 2.452 Thread 0x000002803c5b0000 1250       3       java.util.jar.JarFile::<init> (95 bytes)
Event: 2.453 Thread 0x000002803c5b0000 nmethod 1250 0x0000028021a74410 code [0x0000028021a74700, 0x0000028021a75888]
Event: 2.453 Thread 0x000002803c5b0000 1252       3       jdk.internal.perf.PerfCounter::increment (6 bytes)
Event: 2.454 Thread 0x000002803c5b0000 nmethod 1252 0x0000028021a75d90 code [0x0000028021a75f80, 0x0000028021a76698]
Event: 2.454 Thread 0x000002803c5b0000 1251       3       java.io.File::<init> (198 bytes)
Event: 2.455 Thread 0x000002803c5b0000 nmethod 1251 0x0000028021a76910 code [0x0000028021a76c40, 0x0000028021a77bb8]
Event: 2.455 Thread 0x000002803c5b0000 1253  s    3       java.io.ByteArrayInputStream::read (73 bytes)
Event: 2.455 Thread 0x000002803c5b0000 nmethod 1253 0x0000028021a78010 code [0x0000028021a78200, 0x0000028021a788b8]
Event: 2.458 Thread 0x000002803c5b0000 1255   !   3       java.util.jar.JarFile::getBytes (182 bytes)
Event: 2.460 Thread 0x000002803c5b0000 nmethod 1255 0x0000028021a78a90 code [0x0000028021a78e60, 0x0000028021a7a718]
Event: 2.460 Thread 0x000002803c5b0000 1256       3       java.net.URL::toURI (54 bytes)
Event: 2.462 Thread 0x000002803c5b0000 nmethod 1256 0x0000028021a7b310 code [0x0000028021a7b620, 0x0000028021a7c6d8]
Event: 2.462 Thread 0x000002803c5b0000 1258       3       java.util.Hashtable::<init> (9 bytes)
Event: 2.462 Thread 0x000002803c5b0000 nmethod 1258 0x0000028021a7cc90 code [0x0000028021a7ce60, 0x0000028021a7cfa8]
Event: 2.462 Thread 0x000002803c5b0000 1257       1       java.util.jar.JarFile$JarFileEntry::getName (5 bytes)
Event: 2.462 Thread 0x000002803c5b0000 nmethod 1257 0x0000028028dcc310 code [0x0000028028dcc4c0, 0x0000028028dcc578]
Event: 2.462 Thread 0x000002803c5b0000 1259       3       java.util.jar.Attributes::get (11 bytes)
Event: 2.463 Thread 0x000002803c5b0000 nmethod 1259 0x0000028021a7d090 code [0x0000028021a7d240, 0x0000028021a7d408]
Event: 2.468 Thread 0x000002803c5b0000 1260       3       org.gradle.internal.classpath.DefaultClassPath$ImmutableUniqueList$Builder::add (57 bytes)
Event: 2.468 Thread 0x000002803c5b0000 nmethod 1260 0x0000028021a7d510 code [0x0000028021a7d720, 0x0000028021a7dd98]

GC Heap History (2 events):
Event: 1.218 GC heap before
{Heap before GC invocations=0 (full 0):
 garbage-first heap   total 229376K, used 29696K [0x0000000721400000, 0x0000000800000000)
  region size 1024K, 24 young (24576K), 0 survivors (0K)
 Metaspace       used 10678K, capacity 10914K, committed 11264K, reserved 1058816K
  class space    used 1090K, capacity 1168K, committed 1280K, reserved 1048576K
}
Event: 1.223 GC heap after
{Heap after GC invocations=1 (full 0):
 garbage-first heap   total 229376K, used 9325K [0x0000000721400000, 0x0000000800000000)
  region size 1024K, 3 young (3072K), 3 survivors (3072K)
 Metaspace       used 10678K, capacity 10914K, committed 11264K, reserved 1058816K
  class space    used 1090K, capacity 1168K, committed 1280K, reserved 1048576K
}

Deoptimization events (20 events):
Event: 2.427 Thread 0x000002801bf98800 DEOPT PACKING pc=0x00000280218d7de1 sp=0x0000009c7c5fc420
Event: 2.427 Thread 0x000002801bf98800 DEOPT UNPACKING pc=0x00000280212ca95e sp=0x0000009c7c5fb8e8 mode 0
Event: 2.428 Thread 0x000002801bf98800 DEOPT PACKING pc=0x00000280218d7de1 sp=0x0000009c7c5fc420
Event: 2.428 Thread 0x000002801bf98800 DEOPT UNPACKING pc=0x00000280212ca95e sp=0x0000009c7c5fb8e8 mode 0
Event: 2.429 Thread 0x000002801bf98800 DEOPT PACKING pc=0x00000280218d7de1 sp=0x0000009c7c5fc420
Event: 2.429 Thread 0x000002801bf98800 DEOPT UNPACKING pc=0x00000280212ca95e sp=0x0000009c7c5fb8e8 mode 0
Event: 2.430 Thread 0x000002801bf98800 DEOPT PACKING pc=0x00000280218d7de1 sp=0x0000009c7c5fc420
Event: 2.430 Thread 0x000002801bf98800 DEOPT UNPACKING pc=0x00000280212ca95e sp=0x0000009c7c5fb8e8 mode 0
Event: 2.431 Thread 0x000002801bf98800 DEOPT PACKING pc=0x00000280218d7de1 sp=0x0000009c7c5fc420
Event: 2.431 Thread 0x000002801bf98800 DEOPT UNPACKING pc=0x00000280212ca95e sp=0x0000009c7c5fb8e8 mode 0
Event: 2.432 Thread 0x000002801bf98800 DEOPT PACKING pc=0x00000280218d7de1 sp=0x0000009c7c5fc420
Event: 2.432 Thread 0x000002801bf98800 DEOPT UNPACKING pc=0x00000280212ca95e sp=0x0000009c7c5fb8e8 mode 0
Event: 2.432 Thread 0x000002801bf98800 DEOPT PACKING pc=0x00000280218d7de1 sp=0x0000009c7c5fc420
Event: 2.432 Thread 0x000002801bf98800 DEOPT UNPACKING pc=0x00000280212ca95e sp=0x0000009c7c5fb8e8 mode 0
Event: 2.433 Thread 0x000002801bf98800 DEOPT PACKING pc=0x00000280218d7de1 sp=0x0000009c7c5fc420
Event: 2.433 Thread 0x000002801bf98800 DEOPT UNPACKING pc=0x00000280212ca95e sp=0x0000009c7c5fb8e8 mode 0
Event: 2.434 Thread 0x000002801bf98800 DEOPT PACKING pc=0x00000280218d7de1 sp=0x0000009c7c5fc420
Event: 2.434 Thread 0x000002801bf98800 DEOPT UNPACKING pc=0x00000280212ca95e sp=0x0000009c7c5fb8e8 mode 0
Event: 2.437 Thread 0x000002801bf98800 DEOPT PACKING pc=0x00000280218ddc41 sp=0x0000009c7c5fc330
Event: 2.437 Thread 0x000002801bf98800 DEOPT UNPACKING pc=0x00000280212ca95e sp=0x0000009c7c5fb828 mode 0

Classes redefined (0 events):
No events

Internal exceptions (11 events):
Event: 0.305 Thread 0x000002801bf98800 Exception <a 'java/lang/NoSuchMethodError'{0x000000072f2a0268}: 'int java.lang.invoke.DirectMethodHandle$Holder.invokeSpecialIFC(java.lang.Object, java.lang.Object, int)'> (0x000000072f2a0268) thrown at [./src/hotspot/share/interpreter/linkResolver.cpp, line 773]
Event: 0.433 Thread 0x000002801bf98800 Exception <a 'java/lang/NoSuchMethodError'{0x000000072f06f7e0}: 'int java.lang.invoke.DirectMethodHandle$Holder.invokeStaticInit(java.lang.Object, java.lang.Object)'> (0x000000072f06f7e0) thrown at [./src/hotspot/share/interpreter/linkResolver.cpp, line 773]
Event: 0.491 Thread 0x000002801bf98800 Exception <a 'java/lang/NoSuchMethodError'{0x000000072ef3e198}: 'int java.lang.invoke.DirectMethodHandle$Holder.invokeSpecial(java.lang.Object, java.lang.Object, java.lang.Object, java.lang.Object)'> (0x000000072ef3e198) thrown at [./src/hotspot/share/interpreter/linkResolver.cpp, line 773]
Event: 1.200 Thread 0x000002801bf98800 Exception <a 'java/lang/NoClassDefFoundError'{0x000000072dc40c68}: org/slf4j/impl/StaticMarkerBinder> (0x000000072dc40c68) thrown at [./src/hotspot/share/classfile/systemDictionary.cpp, line 220]
Event: 1.237 Thread 0x000002801bf98800 Exception <a 'java/lang/NoSuchMethodError'{0x000000072f33da80}: 'java.lang.Object java.lang.invoke.DirectMethodHandle$Holder.invokeVirtual(java.lang.Object, java.lang.Object, java.lang.Object, java.lang.Object, java.lang.Object, java.lang.Object, java.lang.Object)'> (0x000000072f33da80) thrown at [./src/hotspot/share/interpreter/linkResolver.cpp, line 773]
Event: 1.240 Thread 0x000002801bf98800 Exception <a 'java/lang/NoSuchMethodError'{0x000000072f351580}: 'java.lang.Object java.lang.invoke.Invokers$Holder.invoker(java.lang.Object, java.lang.Object, java.lang.Object)'> (0x000000072f351580) thrown at [./src/hotspot/share/interpreter/linkResolver.cpp, line 773]
Event: 1.246 Thread 0x000002801bf98800 Exception <a 'java/lang/NoSuchMethodError'{0x000000072f3622c0}: 'void java.lang.invoke.DelegatingMethodHandle$Holder.delegate(java.lang.Object, java.lang.Object, int, java.lang.Object)'> (0x000000072f3622c0) thrown at [./src/hotspot/share/interpreter/linkResolver.cpp, line 773]
Event: 1.405 Thread 0x000002801bf98800 Exception <a 'java/lang/NoSuchMethodError'{0x000000072edb5d28}: 'java.lang.Object java.lang.invoke.DirectMethodHandle$Holder.invokeInterface(java.lang.Object, java.lang.Object, java.lang.Object)'> (0x000000072edb5d28) thrown at [./src/hotspot/share/interpreter/linkResolver.cpp, line 773]
Event: 1.482 Thread 0x000002801bf98800 Exception <a 'java/lang/NoSuchMethodError'{0x000000072ea5d950}: 'java.lang.Object java.lang.invoke.DirectMethodHandle$Holder.invokeStaticInit(java.lang.Object, java.lang.Object, java.lang.Object)'> (0x000000072ea5d950) thrown at [./src/hotspot/share/interpreter/linkResolver.cpp, line 773]
Event: 1.656 Thread 0x000002801bf98800 Exception <a 'java/lang/NoSuchMethodError'{0x000000072e54c408}: 'java.lang.Object java.lang.invoke.DirectMethodHandle$Holder.invokeStaticInit(java.lang.Object, int, int, int, int)'> (0x000000072e54c408) thrown at [./src/hotspot/share/interpreter/linkResolver.cpp, line 773]
Event: 1.893 Thread 0x000002801bf98800 Exception <a 'java/lang/NoSuchMethodError'{0x000000072e563e68}: 'java.lang.Object java.lang.invoke.DirectMethodHandle$Holder.invokeStaticInit(java.lang.Object, java.lang.Object, int, int, int, int)'> (0x000000072e563e68) thrown at [./src/hotspot/share/interpreter/linkResolver.cpp, line 773]

Events (20 events):
Event: 2.358 loading class org/gradle/api/internal/classpath/Module done
Event: 2.359 loading class org/gradle/api/specs/Spec
Event: 2.359 loading class org/gradle/api/specs/Spec done
Event: 2.360 loading class org/gradle/api/internal/classpath/EffectiveClassPath
Event: 2.360 loading class org/gradle/api/internal/classpath/EffectiveClassPath done
Event: 2.360 loading class org/gradle/internal/classloader/ClasspathUtil$1
Event: 2.360 loading class org/gradle/internal/classloader/ClasspathUtil$1 done
Event: 2.361 loading class org/gradle/internal/classloader/ClassLoaderVisitor
Event: 2.361 loading class org/gradle/internal/classloader/ClassLoaderVisitor done
Event: 2.361 loading class org/gradle/internal/classloader/ClassLoaderHierarchy
Event: 2.361 loading class org/gradle/internal/classloader/ClassLoaderHierarchy done
Event: 2.364 loading class org/gradle/internal/classloader/SystemClassLoaderSpec
Event: 2.364 loading class org/gradle/internal/classloader/SystemClassLoaderSpec done
Event: 2.364 loading class org/gradle/internal/classloader/ClassLoaderSpec
Event: 2.364 loading class org/gradle/internal/classloader/ClassLoaderSpec done
Event: 2.365 loading class org/gradle/internal/classpath/DefaultClassPath$ImmutableUniqueList$Builder
Event: 2.365 loading class org/gradle/internal/classpath/DefaultClassPath$ImmutableUniqueList$Builder done
Event: 2.381 loading class org/gradle/api/internal/classpath/ManifestUtil
Event: 2.381 loading class org/gradle/api/internal/classpath/ManifestUtil done
Event: 2.398 Loaded shared library C:\Program Files\Android\Android Studio\jre\bin\zip.dll


Dynamic libraries:
0x00007ff6b2220000 - 0x00007ff6b222a000 	C:\Program Files\Android\Android Studio\jre\bin\java.exe
0x00007fff67dd0000 - 0x00007fff67fc8000 	C:\Windows\SYSTEM32\ntdll.dll
0x00007fff66cc0000 - 0x00007fff66d7f000 	C:\Windows\System32\KERNEL32.DLL
0x00007fff65900000 - 0x00007fff65bd2000 	C:\Windows\System32\KERNELBASE.dll
0x00007fff62b10000 - 0x00007fff62ba0000 	C:\Windows\SYSTEM32\apphelp.dll
0x00007fff65800000 - 0x00007fff65900000 	C:\Windows\System32\ucrtbase.dll
0x00007fff60f90000 - 0x00007fff60fa7000 	C:\Program Files\Android\Android Studio\jre\bin\VCRUNTIME140.dll
0x00007fff60fb0000 - 0x00007fff60fc9000 	C:\Program Files\Android\Android Studio\jre\bin\jli.dll
0x00007fff67960000 - 0x00007fff67b01000 	C:\Windows\System32\USER32.dll
0x00007fff4cf00000 - 0x00007fff4d19a000 	C:\Windows\WinSxS\amd64_microsoft.windows.common-controls_6595b64144ccf1df_6.0.19041.1110_none_60b5254171f9507e\COMCTL32.dll
0x00007fff654c0000 - 0x00007fff654e2000 	C:\Windows\System32\win32u.dll
0x00007fff66710000 - 0x00007fff6673b000 	C:\Windows\System32\GDI32.dll
0x00007fff678c0000 - 0x00007fff6795e000 	C:\Windows\System32\msvcrt.dll
0x00007fff656f0000 - 0x00007fff657ff000 	C:\Windows\System32\gdi32full.dll
0x00007fff654f0000 - 0x00007fff6558d000 	C:\Windows\System32\msvcp_win.dll
0x00007fff66c80000 - 0x00007fff66cb2000 	C:\Windows\System32\IMM32.DLL
0x00007fff43c20000 - 0x00007fff43cbd000 	C:\Program Files\Android\Android Studio\jre\bin\msvcp140.dll
0x00007fff396c0000 - 0x00007fff3a1c2000 	C:\Program Files\Android\Android Studio\jre\bin\server\jvm.dll
0x00007fff660a0000 - 0x00007fff6614e000 	C:\Windows\System32\ADVAPI32.dll
0x00007fff664d0000 - 0x00007fff6656c000 	C:\Windows\System32\sechost.dll
0x00007fff65f70000 - 0x00007fff66095000 	C:\Windows\System32\RPCRT4.dll
0x00007fff676a0000 - 0x00007fff676a8000 	C:\Windows\System32\PSAPI.DLL
0x00007fff60ff0000 - 0x00007fff60ff9000 	C:\Windows\SYSTEM32\WSOCK32.dll
0x00007fff67bf0000 - 0x00007fff67c5b000 	C:\Windows\System32\WS2_32.dll
0x00007fff60e70000 - 0x00007fff60e97000 	C:\Windows\SYSTEM32\WINMM.dll
0x00007fff5c3c0000 - 0x00007fff5c3ca000 	C:\Windows\SYSTEM32\VERSION.dll
0x00007fff63d10000 - 0x00007fff63d22000 	C:\Windows\SYSTEM32\kernel.appcore.dll
0x00007fff60f70000 - 0x00007fff60f81000 	C:\Program Files\Android\Android Studio\jre\bin\verify.dll
0x00007fff63200000 - 0x00007fff633e4000 	C:\Windows\SYSTEM32\DBGHELP.DLL
0x00007fff51800000 - 0x00007fff51835000 	C:\Windows\SYSTEM32\dbgcore.DLL
0x00007fff65c10000 - 0x00007fff65c92000 	C:\Windows\System32\bcryptPrimitives.dll
0x00007fff60f40000 - 0x00007fff60f69000 	C:\Program Files\Android\Android Studio\jre\bin\java.dll
0x00007fff5fd50000 - 0x00007fff5fd5b000 	C:\Program Files\Android\Android Studio\jre\bin\jimage.dll
0x00007fff44fd0000 - 0x00007fff44fe8000 	C:\Program Files\Android\Android Studio\jre\bin\zip.dll
0x00007fff66ef0000 - 0x00007fff67635000 	C:\Windows\System32\SHELL32.dll
0x00007fff63560000 - 0x00007fff63cf2000 	C:\Windows\SYSTEM32\windows.storage.dll
0x00007fff66150000 - 0x00007fff664a5000 	C:\Windows\System32\combase.dll
0x00007fff64e40000 - 0x00007fff64e70000 	C:\Windows\SYSTEM32\Wldp.dll
0x00007fff65e10000 - 0x00007fff65ebd000 	C:\Windows\System32\SHCORE.dll
0x00007fff676b0000 - 0x00007fff67705000 	C:\Windows\System32\shlwapi.dll
0x00007fff65400000 - 0x00007fff6541f000 	C:\Windows\SYSTEM32\profapi.dll
0x00007fff44fb0000 - 0x00007fff44fca000 	C:\Program Files\Android\Android Studio\jre\bin\net.dll
0x00007fff5cd40000 - 0x00007fff5ce4c000 	C:\Windows\SYSTEM32\WINHTTP.dll
0x00007fff64ba0000 - 0x00007fff64c0a000 	C:\Windows\system32\mswsock.dll
0x00007fff44f90000 - 0x00007fff44fa4000 	C:\Program Files\Android\Android Studio\jre\bin\nio.dll
0x00007fff43bf0000 - 0x00007fff43c17000 	C:\Users\hp\.gradle\native\e1d6ef7f7dcc3fd88c89a11ec53ec762bb8ba0a96d01ffa2cd45eb1d1d8dd5c5\windows-amd64\native-platform.dll
0x00007fff5fd40000 - 0x00007fff5fd4a000 	C:\Program Files\Android\Android Studio\jre\bin\management.dll
0x00007fff44f80000 - 0x00007fff44f8d000 	C:\Program Files\Android\Android Studio\jre\bin\management_ext.dll
0x00007fff64d90000 - 0x00007fff64da8000 	C:\Windows\SYSTEM32\CRYPTSP.dll
0x00007fff644c0000 - 0x00007fff644f4000 	C:\Windows\system32\rsaenh.dll
0x00007fff65be0000 - 0x00007fff65c07000 	C:\Windows\System32\bcrypt.dll
0x00007fff65380000 - 0x00007fff653ae000 	C:\Windows\SYSTEM32\USERENV.dll
0x00007fff64db0000 - 0x00007fff64dbc000 	C:\Windows\SYSTEM32\CRYPTBASE.dll
0x00007fff64890000 - 0x00007fff648cb000 	C:\Windows\SYSTEM32\IPHLPAPI.DLL
0x00007fff66690000 - 0x00007fff66698000 	C:\Windows\System32\NSI.dll
0x00007fff5d7d0000 - 0x00007fff5d7e7000 	C:\Windows\SYSTEM32\dhcpcsvc6.DLL
0x00007fff5da50000 - 0x00007fff5da6d000 	C:\Windows\SYSTEM32\dhcpcsvc.DLL
0x00007fff648d0000 - 0x00007fff6499b000 	C:\Windows\SYSTEM32\DNSAPI.dll

dbghelp: loaded successfully - version: 4.0.5 - missing functions: none
symbol engine: initialized successfully - sym options: 0x614 - pdb path: .;C:\Program Files\Android\Android Studio\jre\bin;C:\Windows\SYSTEM32;C:\Windows\WinSxS\amd64_microsoft.windows.common-controls_6595b64144ccf1df_6.0.19041.1110_none_60b5254171f9507e;C:\Program Files\Android\Android Studio\jre\bin\server;C:\Users\hp\.gradle\native\e1d6ef7f7dcc3fd88c89a11ec53ec762bb8ba0a96d01ffa2cd45eb1d1d8dd5c5\windows-amd64

VM Arguments:
jvm_args: -Dorg.gradle.appname=gradlew 
java_command: org.gradle.wrapper.GradleWrapperMain -q -Ptarget-platform=android-x64 -Ptarget=D:\Cross Platform App Development\1_MyApps\toku_app\lib\main.dart -Pbase-application-name=android.app.Application -Pdart-defines=RkxVVFRFUl9XRUJfQVVUT19ERVRFQ1Q9dHJ1ZQ== -Pdart-obfuscation=false -Ptrack-widget-creation=true -Ptree-shake-icons=false -Pfilesystem-scheme=org-dartlang-root assembleDebug
java_class_path (initial): D:\Cross Platform App Development\1_MyApps\toku_app\android\\gradle\wrapper\gradle-wrapper.jar
Launcher Type: SUN_STANDARD

[Global flags]
     intx CICompilerCount                          = 4                                         {product} {ergonomic}
     uint ConcGCThreads                            = 2                                         {product} {ergonomic}
     uint G1ConcRefinementThreads                  = 8                                         {product} {ergonomic}
   size_t G1HeapRegionSize                         = 1048576                                   {product} {ergonomic}
    uintx GCDrainStackTargetSize                   = 64                                        {product} {ergonomic}
   size_t InitialHeapSize                          = 234881024                                 {product} {ergonomic}
   size_t MarkStackSize                            = 4194304                                   {product} {ergonomic}
   size_t MaxHeapSize                              = 3737124864                                {product} {ergonomic}
   size_t MaxNewSize                               = 2241855488                                {product} {ergonomic}
   size_t MinHeapDeltaBytes                        = 1048576                                   {product} {ergonomic}
    uintx NonNMethodCodeHeapSize                   = 5836300                                {pd product} {ergonomic}
    uintx NonProfiledCodeHeapSize                  = 122910970                              {pd product} {ergonomic}
    uintx ProfiledCodeHeapSize                     = 122910970                              {pd product} {ergonomic}
    uintx ReservedCodeCacheSize                    = 251658240                              {pd product} {ergonomic}
     bool SegmentedCodeCache                       = true                                      {product} {ergonomic}
     bool UseCompressedClassPointers               = true                                 {lp64_product} {ergonomic}
     bool UseCompressedOops                        = true                                 {lp64_product} {ergonomic}
     bool UseG1GC                                  = true                                      {product} {ergonomic}
     bool UseLargePagesIndividualAllocation        = false                                  {pd product} {ergonomic}

Logging:
Log output configuration:
 #0: stdout all=warning uptime,level,tags
 #1: stderr all=off uptime,level,tags

Environment Variables:
JAVA_HOME=C:\Program Files\Android\Android Studio\jre
CLASSPATH=D:\Cross Platform App Development\1_MyApps\toku_app\android\\gradle\wrapper\gradle-wrapper.jar
PATH=C:\ProgramData\Oracle\Java\javapath;C:\Program Files (x86)\VMware\VMware Player\bin\;C:\Windows\system32;C:\Windows;C:\Windows\System32\Wbem;C:\Windows\System32\WindowsPowerShell\v1.0\;C:\Windows\System32\OpenSSH\;C:\Users\hp\AppData\Local\Programs\Python\Python310\Scripts\;C:\Users\hp\AppData\Local\Programs\Python\Python310\;C:\Users\hp\AppData\Local\Microsoft\WindowsApps;C:\MinGW\bin;D:\Pycharm\PyCharm 2022.2.3\bin;C:\Microsoft VS Code\bin;D:\gradle-8.0\bin;D:\flutter\bin;D:\flutter\dart;D:\flutter\bin\mingit\cmd
USERNAME=hp
OS=Windows_NT
PROCESSOR_IDENTIFIER=AMD64 Family 23 Model 24 Stepping 1, AuthenticAMD



---------------  S Y S T E M  ---------------

OS: Windows 10 , 64 bit Build 19041 (10.0.19041.2546)
OS uptime: 0 days 0:31 hours

CPU:total 8 (initial active 8) (8 cores per cpu, 2 threads per core) family 23 model 24 stepping 1 microcode 0x0, cmov, cx8, fxsr, mmx, sse, sse2, sse3, ssse3, sse4.1, sse4.2, popcnt, avx, avx2, aes, clmul, mmxext, 3dnowpref, lzcnt, sse4a, ht, tsc, tscinvbit, tscinv, bmi1, bmi2, adx, sha, fma

Memory: 4k page, system-wide physical 14250M (530M free)
TotalPageFile size 19294M (AvailPageFile size 0M)
current process WorkingSet (physical memory assigned to process): 109M, peak: 109M
current process commit charge ("private bytes"): 333M, peak: 333M

vm_info: OpenJDK 64-Bit Server VM (11.0.13+0-b1751.21-8125866) for windows-amd64 JRE (11.0.13+0-b1751.21-8125866), built on Feb  2 2022 03:00:22 by "builder" with MS VC++ 14.0 (VS2015)

END.
